{"/Users/ischwartz/schtate/src/Maybe.ts": {"path":"/Users/ischwartz/schtate/src/Maybe.ts","all":false,"statementMap":{"0":{"start":{"line":1,"column":0},"end":{"line":1,"column":45}},"1":{"start":{"line":2,"column":0},"end":{"line":2,"column":42}},"2":{"start":{"line":3,"column":0},"end":{"line":3,"column":0}},"3":{"start":{"line":4,"column":0},"end":{"line":4,"column":61}},"4":{"start":{"line":5,"column":0},"end":{"line":5,"column":37}},"5":{"start":{"line":6,"column":0},"end":{"line":6,"column":0}},"6":{"start":{"line":7,"column":0},"end":{"line":7,"column":51}},"7":{"start":{"line":8,"column":0},"end":{"line":8,"column":23}},"8":{"start":{"line":9,"column":0},"end":{"line":9,"column":3}},"9":{"start":{"line":10,"column":0},"end":{"line":10,"column":0}},"10":{"start":{"line":11,"column":0},"end":{"line":11,"column":55}},"11":{"start":{"line":12,"column":0},"end":{"line":12,"column":41}},"12":{"start":{"line":13,"column":0},"end":{"line":13,"column":3}},"13":{"start":{"line":14,"column":0},"end":{"line":14,"column":0}},"14":{"start":{"line":15,"column":0},"end":{"line":15,"column":61}},"15":{"start":{"line":16,"column":0},"end":{"line":16,"column":32}},"16":{"start":{"line":17,"column":0},"end":{"line":17,"column":4}},"17":{"start":{"line":18,"column":0},"end":{"line":18,"column":0}},"18":{"start":{"line":19,"column":0},"end":{"line":19,"column":23}},"19":{"start":{"line":20,"column":0},"end":{"line":20,"column":66}},"20":{"start":{"line":21,"column":0},"end":{"line":21,"column":23}},"21":{"start":{"line":22,"column":0},"end":{"line":22,"column":44}},"22":{"start":{"line":23,"column":0},"end":{"line":23,"column":39}},"23":{"start":{"line":24,"column":0},"end":{"line":24,"column":5}},"24":{"start":{"line":25,"column":0},"end":{"line":25,"column":29}},"25":{"start":{"line":26,"column":0},"end":{"line":26,"column":45}},"26":{"start":{"line":27,"column":0},"end":{"line":27,"column":5}},"27":{"start":{"line":28,"column":0},"end":{"line":28,"column":37}},"28":{"start":{"line":29,"column":0},"end":{"line":29,"column":3}},"29":{"start":{"line":30,"column":0},"end":{"line":30,"column":0}},"30":{"start":{"line":31,"column":0},"end":{"line":31,"column":72}},"31":{"start":{"line":32,"column":0},"end":{"line":32,"column":23}},"32":{"start":{"line":33,"column":0},"end":{"line":33,"column":27}},"33":{"start":{"line":34,"column":0},"end":{"line":34,"column":3}},"34":{"start":{"line":35,"column":0},"end":{"line":35,"column":0}},"35":{"start":{"line":36,"column":0},"end":{"line":36,"column":0}},"36":{"start":{"line":37,"column":0},"end":{"line":37,"column":86}},"37":{"start":{"line":38,"column":0},"end":{"line":38,"column":23}},"38":{"start":{"line":39,"column":0},"end":{"line":39,"column":27}},"39":{"start":{"line":40,"column":0},"end":{"line":40,"column":3}},"40":{"start":{"line":41,"column":0},"end":{"line":41,"column":0}},"41":{"start":{"line":42,"column":0},"end":{"line":42,"column":23}},"42":{"start":{"line":43,"column":0},"end":{"line":43,"column":32}},"43":{"start":{"line":44,"column":0},"end":{"line":44,"column":3}},"44":{"start":{"line":45,"column":0},"end":{"line":45,"column":0}},"45":{"start":{"line":46,"column":0},"end":{"line":46,"column":61}},"46":{"start":{"line":47,"column":0},"end":{"line":47,"column":38}},"47":{"start":{"line":48,"column":0},"end":{"line":48,"column":21}},"48":{"start":{"line":49,"column":0},"end":{"line":49,"column":5}},"49":{"start":{"line":50,"column":0},"end":{"line":50,"column":43}},"50":{"start":{"line":51,"column":0},"end":{"line":51,"column":3}},"51":{"start":{"line":52,"column":0},"end":{"line":52,"column":0}},"52":{"start":{"line":53,"column":0},"end":{"line":53,"column":39}},"53":{"start":{"line":54,"column":0},"end":{"line":54,"column":37}},"54":{"start":{"line":55,"column":0},"end":{"line":55,"column":21}},"55":{"start":{"line":56,"column":0},"end":{"line":56,"column":5}},"56":{"start":{"line":57,"column":0},"end":{"line":57,"column":43}},"57":{"start":{"line":58,"column":0},"end":{"line":58,"column":3}},"58":{"start":{"line":59,"column":0},"end":{"line":59,"column":0}},"59":{"start":{"line":60,"column":0},"end":{"line":60,"column":21}},"60":{"start":{"line":61,"column":0},"end":{"line":61,"column":41}},"61":{"start":{"line":62,"column":0},"end":{"line":62,"column":27}},"62":{"start":{"line":63,"column":0},"end":{"line":63,"column":37}},"63":{"start":{"line":64,"column":0},"end":{"line":64,"column":46}},"64":{"start":{"line":65,"column":0},"end":{"line":65,"column":5}},"65":{"start":{"line":66,"column":0},"end":{"line":66,"column":36}},"66":{"start":{"line":67,"column":0},"end":{"line":67,"column":3}},"67":{"start":{"line":68,"column":0},"end":{"line":68,"column":0}},"68":{"start":{"line":69,"column":0},"end":{"line":69,"column":24}},"69":{"start":{"line":70,"column":0},"end":{"line":70,"column":64}},"70":{"start":{"line":71,"column":0},"end":{"line":71,"column":31}},"71":{"start":{"line":72,"column":0},"end":{"line":72,"column":27}},"72":{"start":{"line":73,"column":0},"end":{"line":73,"column":37}},"73":{"start":{"line":74,"column":0},"end":{"line":74,"column":29}},"74":{"start":{"line":75,"column":0},"end":{"line":75,"column":5}},"75":{"start":{"line":76,"column":0},"end":{"line":76,"column":50}},"76":{"start":{"line":77,"column":0},"end":{"line":77,"column":3}},"77":{"start":{"line":78,"column":0},"end":{"line":78,"column":0}},"78":{"start":{"line":79,"column":0},"end":{"line":79,"column":15}},"79":{"start":{"line":80,"column":0},"end":{"line":80,"column":27}},"80":{"start":{"line":81,"column":0},"end":{"line":81,"column":23}},"81":{"start":{"line":82,"column":0},"end":{"line":82,"column":6}},"82":{"start":{"line":83,"column":0},"end":{"line":83,"column":37}},"83":{"start":{"line":84,"column":0},"end":{"line":84,"column":21}},"84":{"start":{"line":85,"column":0},"end":{"line":85,"column":6}},"85":{"start":{"line":86,"column":0},"end":{"line":86,"column":37}},"86":{"start":{"line":87,"column":0},"end":{"line":87,"column":25}},"87":{"start":{"line":88,"column":0},"end":{"line":88,"column":5}},"88":{"start":{"line":89,"column":0},"end":{"line":89,"column":35}},"89":{"start":{"line":90,"column":0},"end":{"line":90,"column":3}},"90":{"start":{"line":91,"column":0},"end":{"line":91,"column":1}}},"s":{"0":1,"1":1,"2":1,"3":1,"4":1,"5":1,"6":1,"7":49,"8":49,"9":1,"10":1,"11":29,"12":29,"13":1,"14":1,"15":55,"16":55,"17":1,"18":1,"19":50,"20":50,"21":50,"22":1,"23":1,"24":50,"25":3,"26":3,"27":46,"28":46,"29":1,"30":1,"31":2,"32":2,"33":2,"34":1,"35":1,"36":1,"37":0,"38":0,"39":0,"40":1,"41":1,"42":9,"43":9,"44":1,"45":1,"46":11,"47":8,"48":8,"49":11,"50":11,"51":1,"52":1,"53":6,"54":4,"55":4,"56":6,"57":6,"58":1,"59":1,"60":5,"61":5,"62":5,"63":1,"64":1,"65":4,"66":4,"67":1,"68":1,"69":3,"70":3,"71":3,"72":3,"73":1,"74":1,"75":2,"76":2,"77":1,"78":1,"79":4,"80":4,"81":4,"82":4,"83":4,"84":4,"85":4,"86":2,"87":2,"88":2,"89":2,"90":1},"branchMap":{"0":{"type":"branch","line":7,"loc":{"start":{"line":7,"column":2},"end":{"line":9,"column":3}},"locations":[{"start":{"line":7,"column":2},"end":{"line":9,"column":3}}]},"1":{"type":"branch","line":11,"loc":{"start":{"line":11,"column":10},"end":{"line":13,"column":3}},"locations":[{"start":{"line":11,"column":10},"end":{"line":13,"column":3}}]},"2":{"type":"branch","line":19,"loc":{"start":{"line":19,"column":9},"end":{"line":29,"column":3}},"locations":[{"start":{"line":19,"column":9},"end":{"line":29,"column":3}}]},"3":{"type":"branch","line":22,"loc":{"start":{"line":22,"column":20},"end":{"line":22,"column":41}},"locations":[{"start":{"line":22,"column":20},"end":{"line":22,"column":41}}]},"4":{"type":"branch","line":22,"loc":{"start":{"line":22,"column":43},"end":{"line":24,"column":5}},"locations":[{"start":{"line":22,"column":43},"end":{"line":24,"column":5}}]},"5":{"type":"branch","line":25,"loc":{"start":{"line":25,"column":-1},"end":{"line":25,"column":28}},"locations":[{"start":{"line":25,"column":-1},"end":{"line":25,"column":28}}]},"6":{"type":"branch","line":25,"loc":{"start":{"line":25,"column":28},"end":{"line":27,"column":5}},"locations":[{"start":{"line":25,"column":28},"end":{"line":27,"column":5}}]},"7":{"type":"branch","line":28,"loc":{"start":{"line":28,"column":-1},"end":{"line":29,"column":3}},"locations":[{"start":{"line":28,"column":-1},"end":{"line":29,"column":3}}]},"8":{"type":"branch","line":31,"loc":{"start":{"line":31,"column":9},"end":{"line":34,"column":3}},"locations":[{"start":{"line":31,"column":9},"end":{"line":34,"column":3}}]},"9":{"type":"branch","line":42,"loc":{"start":{"line":42,"column":9},"end":{"line":44,"column":3}},"locations":[{"start":{"line":42,"column":9},"end":{"line":44,"column":3}}]},"10":{"type":"branch","line":46,"loc":{"start":{"line":46,"column":2},"end":{"line":51,"column":3}},"locations":[{"start":{"line":46,"column":2},"end":{"line":51,"column":3}}]},"11":{"type":"branch","line":47,"loc":{"start":{"line":47,"column":37},"end":{"line":49,"column":5}},"locations":[{"start":{"line":47,"column":37},"end":{"line":49,"column":5}}]},"12":{"type":"branch","line":53,"loc":{"start":{"line":53,"column":2},"end":{"line":58,"column":3}},"locations":[{"start":{"line":53,"column":2},"end":{"line":58,"column":3}}]},"13":{"type":"branch","line":54,"loc":{"start":{"line":54,"column":36},"end":{"line":56,"column":5}},"locations":[{"start":{"line":54,"column":36},"end":{"line":56,"column":5}}]},"14":{"type":"branch","line":60,"loc":{"start":{"line":60,"column":2},"end":{"line":67,"column":3}},"locations":[{"start":{"line":60,"column":2},"end":{"line":67,"column":3}}]},"15":{"type":"branch","line":63,"loc":{"start":{"line":63,"column":36},"end":{"line":65,"column":5}},"locations":[{"start":{"line":63,"column":36},"end":{"line":65,"column":5}}]},"16":{"type":"branch","line":66,"loc":{"start":{"line":66,"column":-1},"end":{"line":67,"column":3}},"locations":[{"start":{"line":66,"column":-1},"end":{"line":67,"column":3}}]},"17":{"type":"branch","line":69,"loc":{"start":{"line":69,"column":2},"end":{"line":77,"column":3}},"locations":[{"start":{"line":69,"column":2},"end":{"line":77,"column":3}}]},"18":{"type":"branch","line":73,"loc":{"start":{"line":73,"column":36},"end":{"line":75,"column":5}},"locations":[{"start":{"line":73,"column":36},"end":{"line":75,"column":5}}]},"19":{"type":"branch","line":76,"loc":{"start":{"line":76,"column":-1},"end":{"line":77,"column":3}},"locations":[{"start":{"line":76,"column":-1},"end":{"line":77,"column":3}}]},"20":{"type":"branch","line":79,"loc":{"start":{"line":79,"column":2},"end":{"line":90,"column":3}},"locations":[{"start":{"line":79,"column":2},"end":{"line":90,"column":3}}]},"21":{"type":"branch","line":86,"loc":{"start":{"line":86,"column":36},"end":{"line":90,"column":3}},"locations":[{"start":{"line":86,"column":36},"end":{"line":90,"column":3}}]},"22":{"type":"branch","line":15,"loc":{"start":{"line":15,"column":19},"end":{"line":17,"column":4}},"locations":[{"start":{"line":15,"column":19},"end":{"line":17,"column":4}}]}},"b":{"0":[49],"1":[29],"2":[50],"3":[49],"4":[1],"5":[49],"6":[3],"7":[46],"8":[2],"9":[9],"10":[11],"11":[8],"12":[6],"13":[4],"14":[5],"15":[1],"16":[4],"17":[3],"18":[1],"19":[2],"20":[4],"21":[2],"22":[55]},"fnMap":{"0":{"name":"Maybe","decl":{"start":{"line":7,"column":2},"end":{"line":9,"column":3}},"loc":{"start":{"line":7,"column":2},"end":{"line":9,"column":3}},"line":7},"1":{"name":"isNothing","decl":{"start":{"line":11,"column":10},"end":{"line":13,"column":3}},"loc":{"start":{"line":11,"column":10},"end":{"line":13,"column":3}},"line":11},"2":{"name":"of","decl":{"start":{"line":19,"column":9},"end":{"line":29,"column":3}},"loc":{"start":{"line":19,"column":9},"end":{"line":29,"column":3}},"line":19},"3":{"name":"fromFunction","decl":{"start":{"line":31,"column":9},"end":{"line":34,"column":3}},"loc":{"start":{"line":31,"column":9},"end":{"line":34,"column":3}},"line":31},"4":{"name":"fromAsyncFunction","decl":{"start":{"line":37,"column":9},"end":{"line":40,"column":3}},"loc":{"start":{"line":37,"column":9},"end":{"line":40,"column":3}},"line":37},"5":{"name":"nothing","decl":{"start":{"line":42,"column":9},"end":{"line":44,"column":3}},"loc":{"start":{"line":42,"column":9},"end":{"line":44,"column":3}},"line":42},"6":{"name":"something","decl":{"start":{"line":46,"column":2},"end":{"line":51,"column":3}},"loc":{"start":{"line":46,"column":2},"end":{"line":51,"column":3}},"line":46},"7":{"name":"nothing","decl":{"start":{"line":53,"column":2},"end":{"line":58,"column":3}},"loc":{"start":{"line":53,"column":2},"end":{"line":58,"column":3}},"line":53},"8":{"name":"map","decl":{"start":{"line":60,"column":2},"end":{"line":67,"column":3}},"loc":{"start":{"line":60,"column":2},"end":{"line":67,"column":3}},"line":60},"9":{"name":"reduce","decl":{"start":{"line":69,"column":2},"end":{"line":77,"column":3}},"loc":{"start":{"line":69,"column":2},"end":{"line":77,"column":3}},"line":69},"10":{"name":"match","decl":{"start":{"line":79,"column":2},"end":{"line":90,"column":3}},"loc":{"start":{"line":79,"column":2},"end":{"line":90,"column":3}},"line":79},"11":{"name":"Object.<anonymous>.Maybe.isMaybe","decl":{"start":{"line":15,"column":19},"end":{"line":17,"column":4}},"loc":{"start":{"line":15,"column":19},"end":{"line":17,"column":4}},"line":15}},"f":{"0":49,"1":29,"2":50,"3":2,"4":0,"5":9,"6":11,"7":6,"8":5,"9":3,"10":4,"11":55}}
,"/Users/ischwartz/schtate/src/nothing.ts": {"path":"/Users/ischwartz/schtate/src/nothing.ts","all":false,"statementMap":{"0":{"start":{"line":1,"column":0},"end":{"line":1,"column":22}},"1":{"start":{"line":2,"column":0},"end":{"line":2,"column":19}},"2":{"start":{"line":3,"column":0},"end":{"line":3,"column":1}},"3":{"start":{"line":4,"column":0},"end":{"line":4,"column":0}},"4":{"start":{"line":5,"column":0},"end":{"line":5,"column":37}}},"s":{"0":1,"1":1,"2":1,"3":1,"4":1},"branchMap":{"0":{"type":"branch","line":1,"loc":{"start":{"line":1,"column":0},"end":{"line":3,"column":1}},"locations":[{"start":{"line":1,"column":0},"end":{"line":3,"column":1}}]}},"b":{"0":[1]},"fnMap":{"0":{"name":"Nothing","decl":{"start":{"line":1,"column":0},"end":{"line":3,"column":1}},"loc":{"start":{"line":1,"column":0},"end":{"line":3,"column":1}},"line":1}},"f":{"0":1}}
}
