TN:
SF:src/Maybe.ts
FN:7,Maybe
FN:11,isNothing
FN:19,of
FN:31,fromFunction
FN:37,fromAsyncFunction
FN:42,nothing
FN:46,something
FN:53,nothing
FN:60,map
FN:69,reduce
FN:79,match
FN:15,Object.<anonymous>.Maybe.isMaybe
FNF:12
FNH:11
FNDA:49,Maybe
FNDA:29,isNothing
FNDA:50,of
FNDA:2,fromFunction
FNDA:0,fromAsyncFunction
FNDA:9,nothing
FNDA:11,something
FNDA:6,nothing
FNDA:5,map
FNDA:3,reduce
FNDA:4,match
FNDA:55,Object.<anonymous>.Maybe.isMaybe
DA:1,1
DA:2,1
DA:3,1
DA:4,1
DA:5,1
DA:6,1
DA:7,1
DA:8,49
DA:9,49
DA:10,1
DA:11,1
DA:12,29
DA:13,29
DA:14,1
DA:15,1
DA:16,55
DA:17,55
DA:18,1
DA:19,1
DA:20,50
DA:21,50
DA:22,50
DA:23,1
DA:24,1
DA:25,50
DA:26,3
DA:27,3
DA:28,46
DA:29,46
DA:30,1
DA:31,1
DA:32,2
DA:33,2
DA:34,2
DA:35,1
DA:36,1
DA:37,1
DA:38,0
DA:39,0
DA:40,0
DA:41,1
DA:42,1
DA:43,9
DA:44,9
DA:45,1
DA:46,1
DA:47,11
DA:48,8
DA:49,8
DA:50,11
DA:51,11
DA:52,1
DA:53,1
DA:54,6
DA:55,4
DA:56,4
DA:57,6
DA:58,6
DA:59,1
DA:60,1
DA:61,5
DA:62,5
DA:63,5
DA:64,1
DA:65,1
DA:66,4
DA:67,4
DA:68,1
DA:69,1
DA:70,3
DA:71,3
DA:72,3
DA:73,3
DA:74,1
DA:75,1
DA:76,2
DA:77,2
DA:78,1
DA:79,1
DA:80,4
DA:81,4
DA:82,4
DA:83,4
DA:84,4
DA:85,4
DA:86,4
DA:87,2
DA:88,2
DA:89,2
DA:90,2
DA:91,1
LF:91
LH:88
BRDA:7,0,0,49
BRDA:11,1,0,29
BRDA:19,2,0,50
BRDA:22,3,0,49
BRDA:22,4,0,1
BRDA:25,5,0,49
BRDA:25,6,0,3
BRDA:28,7,0,46
BRDA:31,8,0,2
BRDA:42,9,0,9
BRDA:46,10,0,11
BRDA:47,11,0,8
BRDA:53,12,0,6
BRDA:54,13,0,4
BRDA:60,14,0,5
BRDA:63,15,0,1
BRDA:66,16,0,4
BRDA:69,17,0,3
BRDA:73,18,0,1
BRDA:76,19,0,2
BRDA:79,20,0,4
BRDA:86,21,0,2
BRDA:15,22,0,55
BRF:23
BRH:23
end_of_record
TN:
SF:src/nothing.ts
FN:1,Nothing
FNF:1
FNH:1
FNDA:1,Nothing
DA:1,1
DA:2,1
DA:3,1
DA:4,1
DA:5,1
LF:5
LH:5
BRDA:1,0,0,1
BRF:1
BRH:1
end_of_record
