TN:
SF:src/Maybe.ts
FN:6,Maybe
FN:10,isNothing
FN:18,create
FN:25,nothing
FN:29,of
FN:33,something
FN:40,nothing
FN:47,map
FN:56,reduce
FN:66,filter
FN:75,match
FN:14,Object.<anonymous>.Maybe.isMaybe
FNF:12
FNH:5
FNDA:2,Maybe
FNDA:1,isNothing
FNDA:2,create
FNDA:0,nothing
FNDA:0,of
FNDA:1,something
FNDA:0,nothing
FNDA:0,map
FNDA:0,reduce
FNDA:0,filter
FNDA:0,match
FNDA:2,Object.<anonymous>.Maybe.isMaybe
DA:1,1
DA:2,1
DA:3,1
DA:4,1
DA:5,1
DA:6,1
DA:7,2
DA:8,2
DA:9,1
DA:10,1
DA:11,1
DA:12,1
DA:13,1
DA:14,1
DA:15,2
DA:16,2
DA:17,1
DA:18,1
DA:19,2
DA:20,0
DA:21,0
DA:22,2
DA:23,2
DA:24,1
DA:25,1
DA:26,0
DA:27,0
DA:28,1
DA:29,1
DA:30,0
DA:31,0
DA:32,1
DA:33,1
DA:34,1
DA:35,1
DA:36,1
DA:37,1
DA:38,1
DA:39,1
DA:40,1
DA:41,0
DA:42,0
DA:43,0
DA:44,0
DA:45,0
DA:46,1
DA:47,1
DA:48,0
DA:49,0
DA:50,0
DA:51,0
DA:52,0
DA:53,0
DA:54,0
DA:55,1
DA:56,1
DA:57,0
DA:58,0
DA:59,0
DA:60,0
DA:61,0
DA:62,0
DA:63,0
DA:64,0
DA:65,1
DA:66,1
DA:67,0
DA:68,0
DA:69,0
DA:70,0
DA:71,0
DA:72,0
DA:73,0
DA:74,1
DA:75,1
DA:76,0
DA:77,0
DA:78,0
DA:79,0
DA:80,0
DA:81,0
DA:82,0
DA:83,0
DA:84,0
DA:85,0
DA:86,0
DA:87,1
LF:87
LH:43
BRDA:6,0,0,2
BRDA:10,1,0,1
BRDA:18,2,0,2
BRDA:19,3,0,0
BRDA:33,4,0,1
BRDA:14,5,0,2
BRF:6
BRH:5
end_of_record
TN:
SF:src/nothing.ts
FN:1,Nothing
FNF:1
FNH:1
FNDA:1,Nothing
DA:1,1
DA:2,1
DA:3,1
DA:4,1
DA:5,1
LF:5
LH:5
BRDA:1,0,0,1
BRF:1
BRH:1
end_of_record
